\BOOKMARK [0][-]{chapter*.4}{Wprowadzenie}{}% 1
\BOOKMARK [0][-]{chapter.1}{Internet\040rzeczy}{}% 2
\BOOKMARK [1][-]{section.1.1}{Informacje ogólne o Internetu rzeczy}{chapter.1}% 3
\BOOKMARK [1][-]{section.1.2}{Warunki\040istnienia\040IoT}{chapter.1}% 4
\BOOKMARK [1][-]{section.1.3}{Korzyści wynikające z wykorzystania internetu rzeczy}{chapter.1}% 5
\BOOKMARK [0][-]{chapter.2}{Kierunki\040rozwoju\040Internetu\040Rzeczy}{}% 6
\BOOKMARK [1][-]{section.2.1}{Warunki\040rozwoju\040IoT}{chapter.2}% 7
\BOOKMARK [1][-]{section.2.2}{Idea\040rozwoju\040Internetu\040Rzeczy}{chapter.2}% 8
\BOOKMARK [1][-]{section.2.3}{Wykorzystanie\040IoT\040w\040zyciu\040codziennym\040-\040wearables,\040RTV/AGD}{chapter.2}% 9
\BOOKMARK [1][-]{section.2.4}{Inteligetny\040Dom}{chapter.2}% 10
\BOOKMARK [1][-]{section.2.5}{Zagrożenia płynące z rozwoju IoT}{chapter.2}% 11
\BOOKMARK [0][-]{chapter.3}{Doswiadczenia\040praktyczne}{}% 12
\BOOKMARK [1][-]{section.3.1}{Wykorzystanie Arduino przy budowaniu własnych projektów}{chapter.3}% 13
\BOOKMARK [1][-]{section.3.2}{Projekt inteligentnego nawadniania roślin}{chapter.3}% 14
\BOOKMARK [1][-]{section.3.3}{Budowa własnego systemu monitoringu}{chapter.3}% 15
\BOOKMARK [1][-]{section.3.4}{Budowa\040inteligetnego\040oswietlenia}{chapter.3}% 16
\BOOKMARK [0][-]{chapter*.5}{Zakończenie}{}% 17
\BOOKMARK [0][-]{appendix*.6}{Bibliografia}{}% 18
\BOOKMARK [0][-]{appendix*.7}{Spis rysunków}{}% 19
\BOOKMARK [0][-]{appendix*.8}{Oświadczenie}{}% 20
